Program
..Declaration
....Int
....Id(i)
....IntLit(0)
..Declaration
....Char
....Id(a)
..Declaration
....Char
....Id(b)
..Declaration
....Char
....Id(c)
..Declaration
....Char
....Id(d)
..Declaration
....Char
....Id(e)
....ChrLit('g')
..Declaration
....Char
....Id(f)
..FuncDeclaration
....Void
....Id(funcao1)
....ParamList
......ParamDeclaration
........Int
........Id(a)
......ParamDeclaration
........Char
........Id(c)
......ParamDeclaration
........Int
........Id(lala)
..FuncDeclaration
....Void
....Id(funcao2)
....ParamList
......ParamDeclaration
........Int
........Id(a)
......ParamDeclaration
........Char
........Id(c)
......ParamDeclaration
........Int
........Id(lala)
..FuncDeclaration
....Void
....Id(funcao3)
....ParamList
......ParamDeclaration
........Int
........Id(a)
......ParamDeclaration
........Char
........Id(c)
......ParamDeclaration
........Int
........Id(lala)
..FuncDefinition
....Int
....Id(main)
....ParamList
......ParamDeclaration
........Void
....FuncBody
......If
........IntLit(5)
........StatList
..........While
............Id(lidia)
............StatList
..............If
................Id(alberto)
................Call
..................Id(print)
..................Id(alberto)
................Call
..................Id(print)
..................Id(nao)
..................Id(alberto)
..............Return
................IntLit(54)
..........Store
............Id(c)
............IntLit(7)
..........While
............Id(outra)
............Add
..............IntLit(5)
..............IntLit(0)
........Null
......Return
........Id(cavalo)
......Return
........Id(ovelha)
..FuncDefinition
....Void
....Id(funcao)
....ParamList
......ParamDeclaration
........Int
........Id(a)
......ParamDeclaration
........Char
........Id(c)
......ParamDeclaration
........Int
........Id(lala)
....FuncBody
......Declaration
........Short
........Id(aux)
........Id(a)
......Declaration
........Short
........Id(aux2)
........IntLit(789)
......Call
........Id(print)
........Id(aux)
......Store
........Id(aux)
........Add
..........Id(lala)
..........Id(c)
......Return
........Null
