===== Global Symbol Table =====
putchar	int(int)
getchar	int(void)
f1	int(double)
main	int(void)

===== Function f1 Symbol Table =====
return	int
a	double	param

===== Function main Symbol Table =====
return	int
a	char
b	short
c	int
d	double

Program
..FuncDefinition
....Int
....Id(f1)
....ParamList
......ParamDeclaration
........Double
........Id(a) - double
....FuncBody
......Return
........IntLit(0) - int
..FuncDefinition
....Int
....Id(main)
....ParamList
......ParamDeclaration
........Void
....FuncBody
......Declaration
........Char
........Id(a) - char
........ChrLit('a') - int
......Declaration
........Short
........Id(b) - short
........IntLit(2) - int
......Declaration
........Int
........Id(c) - int
........IntLit(3) - int
......Declaration
........Double
........Id(d) - double
........RealLit(3.0) - double
......If
........Store - char
..........Id(a) - char
..........Id(a) - char
........Null
........Null
......If
........Store - char
..........Id(a) - char
..........Id(b) - short
........Null
........Null
......If
........Store - char
..........Id(a) - char
..........Id(c) - int
........Null
........Null
......If
........Store - char
..........Id(a) - char
..........Id(d) - double
........Null
........Null
......If
........Store - short
..........Id(b) - short
..........Id(b) - short
........Null
........Null
......If
........Store - short
..........Id(b) - short
..........Id(c) - int
........Null
........Null
......If
........Store - short
..........Id(b) - short
..........Id(d) - double
........Null
........Null
......If
........Store - int
..........Id(c) - int
..........Id(c) - int
........Null
........Null
......If
........Store - int
..........Id(c) - int
..........Id(d) - double
........Null
........Null
......If
........Store - double
..........Id(d) - double
..........Id(d) - double
........Null
........Null
......If
........Comma - char
..........Id(a) - char
..........Id(a) - char
........Null
........Null
......If
........Comma - short
..........Id(a) - char
..........Id(b) - short
........Null
........Null
......If
........Comma - int
..........Id(a) - char
..........Id(c) - int
........Null
........Null
......If
........Comma - double
..........Id(a) - char
..........Id(d) - double
........Null
........Null
......If
........Comma - short
..........Id(b) - short
..........Id(b) - short
........Null
........Null
......If
........Comma - int
..........Id(b) - short
..........Id(c) - int
........Null
........Null
......If
........Comma - double
..........Id(b) - short
..........Id(d) - double
........Null
........Null
......If
........Comma - int
..........Id(c) - int
..........Id(c) - int
........Null
........Null
......If
........Comma - double
..........Id(c) - int
..........Id(d) - double
........Null
........Null
......If
........Comma - double
..........Id(d) - double
..........Id(d) - double
........Null
........Null
......If
........Add
..........Id(a) - char
..........Id(a) - char
........Null
........Null
......If
........Add
..........Id(a) - char
..........Id(b) - short
........Null
........Null
......If
........Add
..........Id(a) - char
..........Id(c) - int
........Null
........Null
......If
........Add
..........Id(a) - char
..........Id(d) - double
........Null
........Null
......If
........Add
..........Id(b) - short
..........Id(b) - short
........Null
........Null
......If
........Add
..........Id(b) - short
..........Id(c) - int
........Null
........Null
......If
........Add
..........Id(b) - short
..........Id(d) - double
........Null
........Null
......If
........Add
..........Id(c) - int
..........Id(c) - int
........Null
........Null
......If
........Add
..........Id(c) - int
..........Id(d) - double
........Null
........Null
......If
........Add
..........Id(d) - double
..........Id(d) - double
........Null
........Null
......If
........Mul
..........Id(a) - char
..........Id(a) - char
........Null
........Null
......If
........Mul
..........Id(a) - char
..........Id(b) - short
........Null
........Null
......If
........Mul
..........Id(a) - char
..........Id(c) - int
........Null
........Null
......If
........Mul
..........Id(a) - char
..........Id(d) - double
........Null
........Null
......If
........Mul
..........Id(b) - short
..........Id(b) - short
........Null
........Null
......If
........Mul
..........Id(b) - short
..........Id(c) - int
........Null
........Null
......If
........Mul
..........Id(b) - short
..........Id(d) - double
........Null
........Null
......If
........Mul
..........Id(c) - int
..........Id(c) - int
........Null
........Null
......If
........Mul
..........Id(c) - int
..........Id(d) - double
........Null
........Null
......If
........Mul
..........Id(d) - double
..........Id(d) - double
........Null
........Null
......If
........Sub
..........Id(a) - char
..........Id(a) - char
........Null
........Null
......If
........Sub
..........Id(a) - char
..........Id(b) - short
........Null
........Null
......If
........Sub
..........Id(a) - char
..........Id(c) - int
........Null
........Null
......If
........Sub
..........Id(a) - char
..........Id(d) - double
........Null
........Null
......If
........Sub
..........Id(b) - short
..........Id(b) - short
........Null
........Null
......If
........Sub
..........Id(b) - short
..........Id(c) - int
........Null
........Null
......If
........Sub
..........Id(b) - short
..........Id(d) - double
........Null
........Null
......If
........Sub
..........Id(c) - int
..........Id(c) - int
........Null
........Null
......If
........Sub
..........Id(c) - int
..........Id(d) - double
........Null
........Null
......If
........Sub
..........Id(d) - double
..........Id(d) - double
........Null
........Null
......If
........Mod - int
..........Id(a) - char
..........Id(a) - char
........Null
........Null
......If
........Mod - int
..........Id(a) - char
..........Id(b) - short
........Null
........Null
......If
........Mod - int
..........Id(a) - char
..........Id(c) - int
........Null
........Null
......If
........Mod - int
..........Id(a) - char
..........Id(d) - double
........Null
........Null
......If
........Mod - int
..........Id(b) - short
..........Id(b) - short
........Null
........Null
......If
........Mod - int
..........Id(b) - short
..........Id(c) - int
........Null
........Null
......If
........Mod - int
..........Id(b) - short
..........Id(d) - double
........Null
........Null
......If
........Mod - int
..........Id(c) - int
..........Id(c) - int
........Null
........Null
......If
........Mod - int
..........Id(c) - int
..........Id(d) - double
........Null
........Null
......If
........Mod - int
..........Id(d) - double
..........Id(d) - double
........Null
........Null
......If
........Div
..........Id(a) - char
..........Id(a) - char
........Null
........Null
......If
........Div
..........Id(a) - char
..........Id(b) - short
........Null
........Null
......If
........Div
..........Id(a) - char
..........Id(c) - int
........Null
........Null
......If
........Div
..........Id(a) - char
..........Id(d) - double
........Null
........Null
......If
........Div
..........Id(b) - short
..........Id(b) - short
........Null
........Null
......If
........Div
..........Id(b) - short
..........Id(c) - int
........Null
........Null
......If
........Div
..........Id(b) - short
..........Id(d) - double
........Null
........Null
......If
........Div
..........Id(c) - int
..........Id(c) - int
........Null
........Null
......If
........Div
..........Id(c) - int
..........Id(d) - double
........Null
........Null
......If
........Div
..........Id(d) - double
..........Id(d) - double
........Null
........Null
......If
........Or - int
..........Id(a) - char
..........Id(a) - char
........Null
........Null
......If
........Or - int
..........Id(a) - char
..........Id(b) - short
........Null
........Null
......If
........Or - int
..........Id(a) - char
..........Id(c) - int
........Null
........Null
......If
........Or - int
..........Id(a) - char
..........Id(d) - double
........Null
........Null
......If
........Or - int
..........Id(b) - short
..........Id(b) - short
........Null
........Null
......If
........Or - int
..........Id(b) - short
..........Id(c) - int
........Null
........Null
......If
........Or - int
..........Id(b) - short
..........Id(d) - double
........Null
........Null
......If
........Or - int
..........Id(c) - int
..........Id(c) - int
........Null
........Null
......If
........Or - int
..........Id(c) - int
..........Id(d) - double
........Null
........Null
......If
........Or - int
..........Id(d) - double
..........Id(d) - double
........Null
........Null
......If
........And - int
..........Id(a) - char
..........Id(a) - char
........Null
........Null
......If
........And - int
..........Id(a) - char
..........Id(b) - short
........Null
........Null
......If
........And - int
..........Id(a) - char
..........Id(c) - int
........Null
........Null
......If
........And - int
..........Id(a) - char
..........Id(d) - double
........Null
........Null
......If
........And - int
..........Id(b) - short
..........Id(b) - short
........Null
........Null
......If
........And - int
..........Id(b) - short
..........Id(c) - int
........Null
........Null
......If
........And - int
..........Id(b) - short
..........Id(d) - double
........Null
........Null
......If
........And - int
..........Id(c) - int
..........Id(c) - int
........Null
........Null
......If
........And - int
..........Id(c) - int
..........Id(d) - double
........Null
........Null
......If
........And - int
..........Id(d) - double
..........Id(d) - double
........Null
........Null
......If
........Le - int
..........Id(a) - char
..........Id(a) - char
........Null
........Null
......If
........Le - int
..........Id(a) - char
..........Id(b) - short
........Null
........Null
......If
........Le - int
..........Id(a) - char
..........Id(c) - int
........Null
........Null
......If
........Le - int
..........Id(a) - char
..........Id(d) - double
........Null
........Null
......If
........Le - int
..........Id(b) - short
..........Id(b) - short
........Null
........Null
......If
........Le - int
..........Id(b) - short
..........Id(c) - int
........Null
........Null
......If
........Le - int
..........Id(b) - short
..........Id(d) - double
........Null
........Null
......If
........Le - int
..........Id(c) - int
..........Id(c) - int
........Null
........Null
......If
........Le - int
..........Id(c) - int
..........Id(d) - double
........Null
........Null
......If
........Le - int
..........Id(d) - double
..........Id(d) - double
........Null
........Null
......If
........Lt - int
..........Id(a) - char
..........Id(a) - char
........Null
........Null
......If
........Lt - int
..........Id(a) - char
..........Id(b) - short
........Null
........Null
......If
........Lt - int
..........Id(a) - char
..........Id(c) - int
........Null
........Null
......If
........Lt - int
..........Id(a) - char
..........Id(d) - double
........Null
........Null
......If
........Lt - int
..........Id(b) - short
..........Id(b) - short
........Null
........Null
......If
........Lt - int
..........Id(b) - short
..........Id(c) - int
........Null
........Null
......If
........Lt - int
..........Id(b) - short
..........Id(d) - double
........Null
........Null
......If
........Lt - int
..........Id(c) - int
..........Id(c) - int
........Null
........Null
......If
........Lt - int
..........Id(c) - int
..........Id(d) - double
........Null
........Null
......If
........Lt - int
..........Id(d) - double
..........Id(d) - double
........Null
........Null
......If
........Ge - int
..........Id(a) - char
..........Id(a) - char
........Null
........Null
......If
........Ge - int
..........Id(a) - char
..........Id(b) - short
........Null
........Null
......If
........Ge - int
..........Id(a) - char
..........Id(c) - int
........Null
........Null
......If
........Ge - int
..........Id(a) - char
..........Id(d) - double
........Null
........Null
......If
........Ge - int
..........Id(b) - short
..........Id(b) - short
........Null
........Null
......If
........Ge - int
..........Id(b) - short
..........Id(c) - int
........Null
........Null
......If
........Ge - int
..........Id(b) - short
..........Id(d) - double
........Null
........Null
......If
........Ge - int
..........Id(c) - int
..........Id(c) - int
........Null
........Null
......If
........Ge - int
..........Id(c) - int
..........Id(d) - double
........Null
........Null
......If
........Ge - int
..........Id(d) - double
..........Id(d) - double
........Null
........Null
......If
........Gt - int
..........Id(a) - char
..........Id(a) - char
........Null
........Null
......If
........Gt - int
..........Id(a) - char
..........Id(b) - short
........Null
........Null
......If
........Gt - int
..........Id(a) - char
..........Id(c) - int
........Null
........Null
......If
........Gt - int
..........Id(a) - char
..........Id(d) - double
........Null
........Null
......If
........Gt - int
..........Id(b) - short
..........Id(b) - short
........Null
........Null
......If
........Gt - int
..........Id(b) - short
..........Id(c) - int
........Null
........Null
......If
........Gt - int
..........Id(b) - short
..........Id(d) - double
........Null
........Null
......If
........Gt - int
..........Id(c) - int
..........Id(c) - int
........Null
........Null
......If
........Gt - int
..........Id(c) - int
..........Id(d) - double
........Null
........Null
......If
........Gt - int
..........Id(d) - double
..........Id(d) - double
........Null
........Null
......If
........Eq - int
..........Id(a) - char
..........Id(a) - char
........Null
........Null
......If
........Eq - int
..........Id(a) - char
..........Id(b) - short
........Null
........Null
......If
........Eq - int
..........Id(a) - char
..........Id(c) - int
........Null
........Null
......If
........Eq - int
..........Id(a) - char
..........Id(d) - double
........Null
........Null
......If
........Eq - int
..........Id(b) - short
..........Id(b) - short
........Null
........Null
......If
........Eq - int
..........Id(b) - short
..........Id(c) - int
........Null
........Null
......If
........Eq - int
..........Id(b) - short
..........Id(d) - double
........Null
........Null
......If
........Eq - int
..........Id(c) - int
..........Id(c) - int
........Null
........Null
......If
........Eq - int
..........Id(c) - int
..........Id(d) - double
........Null
........Null
......If
........Eq - int
..........Id(d) - double
..........Id(d) - double
........Null
........Null
......If
........Ne - int
..........Id(a) - char
..........Id(a) - char
........Null
........Null
......If
........Ne - int
..........Id(a) - char
..........Id(b) - short
........Null
........Null
......If
........Ne - int
..........Id(a) - char
..........Id(c) - int
........Null
........Null
......If
........Ne - int
..........Id(a) - char
..........Id(d) - double
........Null
........Null
......If
........Ne - int
..........Id(b) - short
..........Id(b) - short
........Null
........Null
......If
........Ne - int
..........Id(b) - short
..........Id(c) - int
........Null
........Null
......If
........Ne - int
..........Id(b) - short
..........Id(d) - double
........Null
........Null
......If
........Ne - int
..........Id(c) - int
..........Id(c) - int
........Null
........Null
......If
........Ne - int
..........Id(c) - int
..........Id(d) - double
........Null
........Null
......If
........Ne - int
..........Id(d) - double
..........Id(d) - double
........Null
........Null
......If
........BitWiseAnd - int
..........Id(a) - char
..........Id(a) - char
........Null
........Null
......If
........BitWiseAnd - int
..........Id(a) - char
..........Id(b) - short
........Null
........Null
......If
........BitWiseAnd - int
..........Id(a) - char
..........Id(c) - int
........Null
........Null
......If
........BitWiseAnd - int
..........Id(a) - char
..........Id(d) - double
........Null
........Null
......If
........BitWiseAnd - int
..........Id(b) - short
..........Id(b) - short
........Null
........Null
......If
........BitWiseAnd - int
..........Id(b) - short
..........Id(c) - int
........Null
........Null
......If
........BitWiseAnd - int
..........Id(b) - short
..........Id(d) - double
........Null
........Null
......If
........BitWiseAnd - int
..........Id(c) - int
..........Id(c) - int
........Null
........Null
......If
........BitWiseAnd - int
..........Id(c) - int
..........Id(d) - double
........Null
........Null
......If
........BitWiseAnd - int
..........Id(d) - double
..........Id(d) - double
........Null
........Null
......If
........BitWiseOr - int
..........Id(a) - char
..........Id(a) - char
........Null
........Null
......If
........BitWiseOr - int
..........Id(a) - char
..........Id(b) - short
........Null
........Null
......If
........BitWiseOr - int
..........Id(a) - char
..........Id(c) - int
........Null
........Null
......If
........BitWiseOr - int
..........Id(a) - char
..........Id(d) - double
........Null
........Null
......If
........BitWiseOr - int
..........Id(b) - short
..........Id(b) - short
........Null
........Null
......If
........BitWiseOr - int
..........Id(b) - short
..........Id(c) - int
........Null
........Null
......If
........BitWiseOr - int
..........Id(b) - short
..........Id(d) - double
........Null
........Null
......If
........BitWiseOr - int
..........Id(c) - int
..........Id(c) - int
........Null
........Null
......If
........BitWiseOr - int
..........Id(c) - int
..........Id(d) - double
........Null
........Null
......If
........BitWiseOr - int
..........Id(d) - double
..........Id(d) - double
........Null
........Null
......If
........BitWiseXor - int
..........Id(a) - char
..........Id(a) - char
........Null
........Null
......If
........BitWiseXor - int
..........Id(a) - char
..........Id(b) - short
........Null
........Null
......If
........BitWiseXor - int
..........Id(a) - char
..........Id(c) - int
........Null
........Null
......If
........BitWiseXor - int
..........Id(a) - char
..........Id(d) - double
........Null
........Null
......If
........BitWiseXor - int
..........Id(b) - short
..........Id(b) - short
........Null
........Null
......If
........BitWiseXor - int
..........Id(b) - short
..........Id(c) - int
........Null
........Null
......If
........BitWiseXor - int
..........Id(b) - short
..........Id(d) - double
........Null
........Null
......If
........BitWiseXor - int
..........Id(c) - int
..........Id(c) - int
........Null
........Null
......If
........BitWiseXor - int
..........Id(c) - int
..........Id(d) - double
........Null
........Null
......If
........BitWiseXor - int
..........Id(d) - double
..........Id(d) - double
........Null
........Null
......If
........Plus - char
..........Id(a) - char
........Null
........Null
......If
........Plus - short
..........Id(b) - short
........Null
........Null
......If
........Plus - int
..........Id(c) - int
........Null
........Null
......If
........Plus - double
..........Id(d) - double
........Null
........Null
......If
........Minus - char
..........Id(a) - char
........Null
........Null
......If
........Minus - short
..........Id(b) - short
........Null
........Null
......If
........Minus - int
..........Id(c) - int
........Null
........Null
......If
........Minus - double
..........Id(d) - double
........Null
........Null
......If
........Not - int
..........Id(a) - char
........Null
........Null
......If
........Not - int
..........Id(b) - short
........Null
........Null
......If
........Not - int
..........Id(c) - int
........Null
........Null
......If
........Call - 
..........Id(f1)
........Null
........Null
......If
........Call - 
..........Id(f1)
..........Id(a) - char
........Null
........Null
......If
........Call - 
..........Id(f1)
..........Id(b) - short
........Null
........Null
......If
........Call - 
..........Id(f1)
..........Id(a) - char
..........Id(b) - short
........Null
........Null
......Return
........IntLit(0) - int
