Program
..FuncDefinition
....Int
....Id(main)
....ParamList
......ParamDeclaration
........Void
....FuncBody
......Declaration
........Char
........Id(c)
......Declaration
........Int
........Id(lowercase_vowel)
......Declaration
........Int
........Id(uppercase_vowel)
......Call
........Id(printf)
........ChrLit('E')
......Call
........Id(scanf)
........ChrLit('%')
........Id(c)
......Store
........Id(lowercase_vowel)
........Or
..........Or
............Or
..............Or
................Eq
..................Id(c)
..................ChrLit('a')
................Eq
..................Id(c)
..................ChrLit('e')
..............Eq
................Id(c)
................ChrLit('i')
............Eq
..............Id(c)
..............ChrLit('o')
..........Eq
............Id(c)
............ChrLit('u')
......Store
........Id(uppercase_vowel)
........Or
..........Or
............Or
..............Or
................Eq
..................Id(c)
..................ChrLit('A')
................Eq
..................Id(c)
..................ChrLit('E')
..............Eq
................Id(c)
................ChrLit('I')
............Eq
..............Id(c)
..............ChrLit('O')
..........Eq
............Id(c)
............ChrLit('U')
......If
........Or
..........Id(lowercase_vowel)
..........Id(uppercase_vowel)
........Call
..........Id(printf)
..........ChrLit('%')
..........Id(c)
........Call
..........Id(printf)
..........ChrLit('%')
..........Id(c)
......Return
........IntLit(0)
